
2019-05-28 14:58:36 INFO  Filter:43 - 1
2019-05-28 14:59:10 INFO  Filter:43 - 1
2019-05-28 14:59:10 INFO  Filter:25 - 1
2019-05-28 14:59:14 INFO  Filter:41 - 1
2019-05-28 14:59:14 INFO  Filter:25 - 1
2019-05-28 15:01:33 INFO  NameFilter:43 - 1
2019-05-28 15:01:33 INFO  SizeFilter:25 - 1
2019-05-28 15:01:36 INFO  SizeFilter:41 - 1
2019-05-28 15:01:36 INFO  ExtensionFilter:25 - 1
2019-05-28 15:02:06 INFO  NameFilter:43 - 1
2019-05-28 15:02:06 INFO  SizeFilter:25 - 1
2019-05-28 15:02:09 INFO  SizeFilter:41 - 1
2019-05-28 15:02:09 INFO  ExtensionFilter:25 - 1
2019-05-28 15:02:17 INFO  ExtensionFilter:40 - 13
2019-05-28 15:02:42 INFO  NameFilter:43 - 1
2019-05-28 15:02:42 INFO  SizeFilter:25 - 1
2019-05-28 15:02:44 INFO  SizeFilter:41 - 1
2019-05-28 15:02:44 INFO  ExtensionFilter:25 - 1
2019-05-28 15:02:48 INFO  ExtensionFilter:29 - daresfdgh
2019-05-28 15:03:43 INFO  SizeFilter:25 - 1
2019-05-28 15:03:46 INFO  SizeFilter:41 - 1
2019-05-28 15:03:46 INFO  ExtensionFilter:25 - 1
2019-05-28 15:03:49 INFO  ExtensionFilter:29 - daresfdgh
2019-05-28 15:04:41 INFO  SizeFilter:25 - 1
2019-05-28 15:04:47 INFO  SizeFilter:41 - 1
2019-05-28 15:04:47 INFO  ExtensionFilter:25 - 1
2019-05-28 15:04:49 INFO  ExtensionFilter:29 - daresfdgh
2019-05-28 15:08:27 INFO  SizeFilter:25 - 1
2019-05-28 15:08:31 INFO  SizeFilter:41 - 1
2019-05-28 15:08:31 INFO  ExtensionFilter:25 - 1
2019-05-28 15:10:50 INFO  NameFilter:43 - 0
2019-05-28 15:10:50 INFO  SizeFilter:25 - 0
2019-05-28 15:10:55 INFO  SizeFilter:41 - 0
2019-05-28 15:10:55 INFO  ExtensionFilter:25 - 0
2019-05-28 15:10:56 INFO  ExtensionFilter:41 - 0
2019-05-28 15:11:01 INFO  NameFilter:43 - 0
2019-05-28 15:11:01 INFO  SizeFilter:25 - 0
2019-05-28 15:11:02 INFO  SizeFilter:41 - 0
2019-05-28 15:11:02 INFO  ExtensionFilter:25 - 0
2019-05-28 15:11:12 INFO  ExtensionFilter:29 - daresfdgh
2019-05-28 15:58:01 INFO  SizeFilter:25 - 1
2019-05-28 15:58:04 INFO  SizeFilter:37 - 1
2019-05-28 15:58:04 INFO  ExtensionFilter:25 - 1
2019-05-28 15:58:07 INFO  ExtensionFilter:37 - 1
2019-05-28 15:59:18 INFO  NameFilter:42 - 980
2019-05-28 15:59:18 INFO  SizeFilter:25 - 980
2019-05-28 16:06:57 INFO  SizeFilter:25 - 0
2019-05-28 16:06:58 INFO  SizeFilter:37 - 0
2019-05-28 16:06:58 INFO  ExtensionFilter:25 - 0
2019-05-28 16:07:00 INFO  ExtensionFilter:37 - 0
2019-05-28 16:15:29 INFO  SizeFilter:25 - 2
2019-05-28 16:15:32 INFO  SizeFilter:37 - 2
2019-05-28 16:29:53 INFO  SizeFilter:25 - 2
2019-05-28 16:29:55 INFO  SizeFilter:37 - 2
2019-05-28 16:29:55 INFO  ExtensionFilter:36 - 2
2019-05-28 16:31:12 INFO  SizeFilter:25 - 2
2019-05-28 16:31:15 INFO  SizeFilter:37 - 2
2019-05-28 16:46:58 INFO  NameFilter:36 - 1026
2019-05-28 16:46:58 INFO  SizeFilter:25 - 1026
2019-05-28 16:46:59 INFO  SizeFilter:37 - 1026
2019-05-28 16:47:00 INFO  ExtensionFilter:31 - 1026
2019-05-28 16:49:33 INFO  SizeFilter:25 - 2
2019-05-28 16:49:57 INFO  NameFilter:36 - 1026
2019-05-28 16:49:57 INFO  SizeFilter:25 - 1026
2019-05-28 16:50:00 INFO  SizeFilter:37 - 1026
2019-05-28 16:50:02 INFO  ExtensionFilter:31 - 1026
2019-05-28 16:50:26 INFO  NameFilter:36 - 1026
2019-05-28 16:50:26 INFO  SizeFilter:25 - 1026
2019-05-28 16:50:27 INFO  SizeFilter:37 - 1026
2019-05-28 16:50:29 INFO  ExtensionFilter:31 - 1026
2019-05-28 16:50:56 INFO  NameFilter:36 - 1026
2019-05-28 16:50:56 INFO  SizeFilter:25 - 1026
2019-05-28 16:50:57 INFO  SizeFilter:37 - 1026
2019-05-28 16:50:58 INFO  ExtensionFilter:31 - 1026
2019-05-28 16:51:25 INFO  NameFilter:36 - 1026
2019-05-28 16:51:25 INFO  SizeFilter:25 - 1026
2019-05-28 16:51:26 INFO  SizeFilter:37 - 1026
2019-05-28 16:51:27 INFO  ExtensionFilter:31 - 1026
2019-05-28 16:51:55 INFO  SizeFilter:25 - 2
2019-05-28 16:51:59 INFO  SizeFilter:37 - 2
2019-05-28 16:52:00 INFO  ExtensionFilter:31 - 2
